info it worked if it ends with ok
verbose cli [ 'node',
verbose cli   '/home/dominic/.nave/installed/0.6.10/bin/npm',
verbose cli   'install',
verbose cli   'uglyify' ]
info using npm@1.1.0-3
info using node@v0.6.10
verbose config file /home/dominic/.npmrc
verbose config file /home/dominic/.nave/installed/0.6.10/etc/npmrc
verbose config file /home/dominic/.nave/installed/0.6.10/lib/node_modules/npm/npmrc
verbose caching /home/dominic/d/keymaster/package.json
verbose loadDefaults keymaster@1.0.2
verbose from cache /home/dominic/d/keymaster/package.json
verbose cache add [ 'uglyify', null ]
silly cache add: name, spec, args [ undefined, 'uglyify', [ 'uglyify', null ] ]
verbose parsed url { pathname: 'uglyify', path: 'uglyify', href: 'uglyify' }
verbose addNamed [ 'uglyify', '' ]
verbose addNamed [ null, '' ]
silly name, range, hasData [ 'uglyify', '', false ]
verbose raw, before any munging uglyify
verbose url resolving [ 'https://registry.npmjs.org/', './uglyify' ]
verbose url resolved https://registry.npmjs.org/uglyify
http GET https://registry.npmjs.org/uglyify
http 404 https://registry.npmjs.org/uglyify
silly get cb [ 404,
silly get cb   { server: 'CouchDB/1.1.0 (Erlang OTP/R14B04)',
silly get cb     date: 'Mon, 05 Mar 2012 04:48:45 GMT',
silly get cb     'content-type': 'application/json',
silly get cb     'content-length': '52',
silly get cb     'cache-control': 'must-revalidate' } ]
ERR! 404 'uglyify' is not in the npm registry.
ERR! 404 You should bug the author to publish it
ERR! 404 Note that you can also install from a
ERR! 404 tarball, folder, or http url, or git url.
ERR! 
ERR! System Linux 3.0.0-16-generic
ERR! command "node" "/home/dominic/.nave/installed/0.6.10/bin/npm" "install" "uglyify"
ERR! cwd /home/dominic/d/keymaster
ERR! node -v v0.6.10
ERR! npm -v 1.1.0-3
ERR! code E404
ERR! message 404 Not Found: uglyify
ERR! errno {}
verbose exit [ 1, true ]
